0    [main] INFO  org.hibernate.cfg.Environment  - Hibernate 3.2.3
12   [main] INFO  org.hibernate.cfg.Environment  - hibernate.properties not found
16   [main] INFO  org.hibernate.cfg.Environment  - Bytecode provider name : cglib
32   [main] INFO  org.hibernate.cfg.Environment  - using JDK 1.4 java.sql.Timestamp handling
152  [main] INFO  org.hibernate.cfg.Configuration  - configuring from resource: hibernate.cfg.xml
152  [main] INFO  org.hibernate.cfg.Configuration  - Configuration resource: hibernate.cfg.xml
291  [main] INFO  org.hibernate.cfg.Configuration  - Reading mappings from resource : entity-hibernate-mapping.hbm.xml
485  [main] INFO  org.hibernate.cfg.HbmBinder  - Mapping class: com.techmania.entity.Airport -> AIRPORT
524  [main] INFO  org.hibernate.cfg.Configuration  - Configured SessionFactory: null
656  [main] INFO  org.hibernate.connection.DriverManagerConnectionProvider  - Using Hibernate built-in connection pool (not for production use!)
656  [main] INFO  org.hibernate.connection.DriverManagerConnectionProvider  - Hibernate connection pool size: 1
656  [main] INFO  org.hibernate.connection.DriverManagerConnectionProvider  - autocommit mode: false
674  [main] INFO  org.hibernate.connection.DriverManagerConnectionProvider  - using driver: com.mysql.jdbc.Driver at URL: jdbc:mysql://localhost/DEV_DB
674  [main] INFO  org.hibernate.connection.DriverManagerConnectionProvider  - connection properties: {user=root, password=****}
1756 [main] INFO  org.hibernate.cfg.SettingsFactory  - RDBMS: MySQL, version: 5.5.54-log
1756 [main] INFO  org.hibernate.cfg.SettingsFactory  - JDBC driver: MySQL-AB JDBC Driver, version: mysql-connector-java-5.1.6 ( Revision: ${svn.Revision} )
1804 [main] INFO  org.hibernate.dialect.Dialect  - Using dialect: org.hibernate.dialect.MySQLDialect
1813 [main] INFO  org.hibernate.transaction.TransactionFactoryFactory  - Using default transaction strategy (direct JDBC transactions)
1817 [main] INFO  org.hibernate.transaction.TransactionManagerLookupFactory  - No TransactionManagerLookup configured (in JTA environment, use of read-write or transactional second-level cache is not recommended)
1818 [main] INFO  org.hibernate.cfg.SettingsFactory  - Automatic flush during beforeCompletion(): disabled
1818 [main] INFO  org.hibernate.cfg.SettingsFactory  - Automatic session close at end of transaction: disabled
1818 [main] INFO  org.hibernate.cfg.SettingsFactory  - JDBC batch size: 15
1818 [main] INFO  org.hibernate.cfg.SettingsFactory  - JDBC batch updates for versioned data: disabled
1820 [main] INFO  org.hibernate.cfg.SettingsFactory  - Scrollable result sets: enabled
1820 [main] INFO  org.hibernate.cfg.SettingsFactory  - JDBC3 getGeneratedKeys(): enabled
1820 [main] INFO  org.hibernate.cfg.SettingsFactory  - Connection release mode: auto
1821 [main] INFO  org.hibernate.cfg.SettingsFactory  - Maximum outer join fetch depth: 2
1822 [main] INFO  org.hibernate.cfg.SettingsFactory  - Default batch fetch size: 1
1822 [main] INFO  org.hibernate.cfg.SettingsFactory  - Generate SQL with comments: disabled
1822 [main] INFO  org.hibernate.cfg.SettingsFactory  - Order SQL updates by primary key: disabled
1822 [main] INFO  org.hibernate.cfg.SettingsFactory  - Query translator: org.hibernate.hql.ast.ASTQueryTranslatorFactory
1829 [main] INFO  org.hibernate.hql.ast.ASTQueryTranslatorFactory  - Using ASTQueryTranslatorFactory
1829 [main] INFO  org.hibernate.cfg.SettingsFactory  - Query language substitutions: {}
1829 [main] INFO  org.hibernate.cfg.SettingsFactory  - JPA-QL strict compliance: disabled
1830 [main] INFO  org.hibernate.cfg.SettingsFactory  - Second-level cache: enabled
1830 [main] INFO  org.hibernate.cfg.SettingsFactory  - Query cache: disabled
1830 [main] INFO  org.hibernate.cfg.SettingsFactory  - Cache provider: org.hibernate.cache.NoCacheProvider
1830 [main] INFO  org.hibernate.cfg.SettingsFactory  - Optimize cache for minimal puts: disabled
1830 [main] INFO  org.hibernate.cfg.SettingsFactory  - Structured second-level cache entries: disabled
1847 [main] INFO  org.hibernate.cfg.SettingsFactory  - Echoing all SQL to stdout
1847 [main] INFO  org.hibernate.cfg.SettingsFactory  - Statistics: disabled
1847 [main] INFO  org.hibernate.cfg.SettingsFactory  - Deleted entity synthetic identifier rollback: disabled
1847 [main] INFO  org.hibernate.cfg.SettingsFactory  - Default entity-mode: pojo
1850 [main] INFO  org.hibernate.cfg.SettingsFactory  - Named query checking : enabled
1915 [main] INFO  org.hibernate.impl.SessionFactoryImpl  - building session factory
2610 [main] INFO  org.hibernate.impl.SessionFactoryObjectFactory  - Not binding factory to JNDI, no JNDI name configured
2973 [main] INFO  org.hibernate.impl.SessionFactoryImpl  - closing
2973 [main] INFO  org.hibernate.connection.DriverManagerConnectionProvider  - cleaning up connection pool: jdbc:mysql://localhost/DEV_DB
